<?xml version="1.0" encoding="UTF-8"?>
<!-- Generated by org.testng.reporters.JUnitReportReporter -->
<testsuite hostname="hp" failures="0" tests="1" name="com.crmMyProject.Prctice.CreateContact" time="0.015" errors="0" timestamp="2022-03-26T08:48:19 IST" skipped="0">
  <testcase classname="com.crmMyProject.Prctice.CreateContact" name="createContact" time="0.015"/>
  <system-out/>
</testsuite> <!-- com.crmMyProject.Prctice.CreateContact -->
